<?xml version="1.0" encoding="UTF-8"?>
<coverage generated="1754289421867" clover="3.2.0">
  <project timestamp="1754289421868" name="All files">
    <metrics statements="159" coveredstatements="124" conditionals="70" coveredconditionals="43" methods="58" coveredmethods="46" elements="287" coveredelements="213" complexity="0" loc="159" ncloc="159" packages="4" files="9" classes="9"/>
    <package name="components">
      <metrics statements="62" coveredstatements="52" conditionals="38" coveredconditionals="23" methods="24" coveredmethods="19"/>
      <file name="Cart.tsx" path="/home/animeshsharma/Desktop/2Month training Projects/week 2/ecom2/src/components/Cart.tsx">
        <metrics statements="17" coveredstatements="13" conditionals="12" coveredconditionals="7" methods="6" coveredmethods="5"/>
        <line num="1" count="1" type="stmt"/>
        <line num="2" count="1" type="stmt"/>
        <line num="3" count="1" type="stmt"/>
        <line num="11" count="1" type="stmt"/>
        <line num="12" count="13" type="stmt"/>
        <line num="13" count="13" type="stmt"/>
        <line num="15" count="13" type="cond" truecount="1" falsecount="1"/>
        <line num="17" count="13" type="stmt"/>
        <line num="18" count="0" type="cond" truecount="0" falsecount="2"/>
        <line num="20" count="0" type="stmt"/>
        <line num="21" count="0" type="cond" truecount="0" falsecount="2"/>
        <line num="23" count="0" type="stmt"/>
        <line num="27" count="13" type="stmt"/>
        <line num="60" count="12" type="stmt"/>
        <line num="82" count="1" type="stmt"/>
        <line num="96" count="1" type="stmt"/>
        <line num="111" count="1" type="stmt"/>
      </file>
      <file name="Header.tsx" path="/home/animeshsharma/Desktop/2Month training Projects/week 2/ecom2/src/components/Header.tsx">
        <metrics statements="24" coveredstatements="18" conditionals="18" coveredconditionals="9" methods="8" coveredmethods="4"/>
        <line num="1" count="1" type="stmt"/>
        <line num="2" count="1" type="stmt"/>
        <line num="3" count="1" type="stmt"/>
        <line num="4" count="1" type="stmt"/>
        <line num="11" count="1" type="stmt"/>
        <line num="12" count="9" type="stmt"/>
        <line num="13" count="9" type="stmt"/>
        <line num="14" count="9" type="stmt"/>
        <line num="15" count="9" type="stmt"/>
        <line num="17" count="9" type="stmt"/>
        <line num="18" count="1" type="stmt"/>
        <line num="19" count="1" type="stmt"/>
        <line num="22" count="9" type="stmt"/>
        <line num="23" count="1" type="stmt"/>
        <line num="24" count="1" type="stmt"/>
        <line num="27" count="9" type="stmt"/>
        <line num="28" count="0" type="stmt"/>
        <line num="29" count="0" type="stmt"/>
        <line num="32" count="9" type="stmt"/>
        <line num="49" count="6" type="stmt"/>
        <line num="99" count="0" type="stmt"/>
        <line num="123" count="0" type="stmt"/>
        <line num="157" count="0" type="stmt"/>
        <line num="158" count="0" type="stmt"/>
      </file>
      <file name="Pagination.tsx" path="/home/animeshsharma/Desktop/2Month training Projects/week 2/ecom2/src/components/Pagination.tsx">
        <metrics statements="9" coveredstatements="9" conditionals="6" coveredconditionals="6" methods="6" coveredmethods="6"/>
        <line num="1" count="1" type="stmt"/>
        <line num="9" count="1" type="stmt"/>
        <line num="14" count="6" type="cond" truecount="2" falsecount="0"/>
        <line num="16" count="20" type="stmt"/>
        <line num="18" count="4" type="stmt"/>
        <line num="21" count="1" type="stmt"/>
        <line num="30" count="20" type="stmt"/>
        <line num="32" count="1" type="stmt"/>
        <line num="46" count="1" type="stmt"/>
      </file>
      <file name="ProductCard.tsx" path="/home/animeshsharma/Desktop/2Month training Projects/week 2/ecom2/src/components/ProductCard.tsx">
        <metrics statements="12" coveredstatements="12" conditionals="2" coveredconditionals="1" methods="4" coveredmethods="4"/>
        <line num="1" count="1" type="stmt"/>
        <line num="2" count="1" type="stmt"/>
        <line num="4" count="1" type="stmt"/>
        <line num="11" count="1" type="stmt"/>
        <line num="12" count="5" type="stmt"/>
        <line num="14" count="5" type="stmt"/>
        <line num="15" count="1" type="stmt"/>
        <line num="18" count="5" type="stmt"/>
        <line num="19" count="1" type="cond" truecount="1" falsecount="1"/>
        <line num="20" count="1" type="stmt"/>
        <line num="23" count="5" type="stmt"/>
        <line num="48" count="1" type="stmt"/>
      </file>
    </package>
    <package name="contexts">
      <metrics statements="58" coveredstatements="36" conditionals="18" coveredconditionals="7" methods="23" coveredmethods="16"/>
      <file name="AuthContext.tsx" path="/home/animeshsharma/Desktop/2Month training Projects/week 2/ecom2/src/contexts/AuthContext.tsx">
        <metrics statements="24" coveredstatements="6" conditionals="8" coveredconditionals="0" methods="6" coveredmethods="0"/>
        <line num="1" count="2" type="stmt"/>
        <line num="2" count="2" type="stmt"/>
        <line num="5" count="2" type="stmt"/>
        <line num="6" count="0" type="stmt"/>
        <line num="8" count="0" type="cond" truecount="0" falsecount="2"/>
        <line num="9" count="0" type="stmt"/>
        <line num="12" count="0" type="cond" truecount="0" falsecount="4"/>
        <line num="16" count="0" type="stmt"/>
        <line num="23" count="2" type="stmt"/>
        <line num="25" count="2" type="stmt"/>
        <line num="32" count="0" type="stmt"/>
        <line num="36" count="0" type="stmt"/>
        <line num="37" count="0" type="stmt"/>
        <line num="38" count="0" type="stmt"/>
        <line num="42" count="0" type="stmt"/>
        <line num="43" count="0" type="stmt"/>
        <line num="46" count="0" type="stmt"/>
        <line num="48" count="0" type="stmt"/>
        <line num="59" count="0" type="stmt"/>
        <line num="62" count="2" type="stmt"/>
        <line num="63" count="0" type="stmt"/>
        <line num="64" count="0" type="cond" truecount="0" falsecount="2"/>
        <line num="65" count="0" type="stmt"/>
        <line num="67" count="0" type="stmt"/>
      </file>
      <file name="CartContext.tsx" path="/home/animeshsharma/Desktop/2Month training Projects/week 2/ecom2/src/contexts/CartContext.tsx">
        <metrics statements="34" coveredstatements="30" conditionals="10" coveredconditionals="7" methods="17" coveredmethods="16"/>
        <line num="1" count="3" type="stmt"/>
        <line num="3" count="3" type="stmt"/>
        <line num="5" count="3" type="stmt"/>
        <line num="7" count="3" type="stmt"/>
        <line num="8" count="18" type="stmt"/>
        <line num="10" count="18" type="stmt"/>
        <line num="11" count="6" type="stmt"/>
        <line num="12" count="6" type="stmt"/>
        <line num="14" count="6" type="cond" truecount="2" falsecount="0"/>
        <line num="15" count="2" type="stmt"/>
        <line num="16" count="3" type="cond" truecount="2" falsecount="0"/>
        <line num="22" count="4" type="stmt"/>
        <line num="26" count="18" type="stmt"/>
        <line num="27" count="1" type="stmt"/>
        <line num="30" count="18" type="stmt"/>
        <line num="31" count="2" type="cond" truecount="1" falsecount="1"/>
        <line num="32" count="0" type="stmt"/>
        <line num="33" count="0" type="stmt"/>
        <line num="36" count="2" type="stmt"/>
        <line num="37" count="2" type="stmt"/>
        <line num="38" count="2" type="cond" truecount="1" falsecount="1"/>
        <line num="45" count="18" type="stmt"/>
        <line num="46" count="0" type="stmt"/>
        <line num="49" count="18" type="stmt"/>
        <line num="50" count="18" type="stmt"/>
        <line num="53" count="18" type="stmt"/>
        <line num="54" count="18" type="stmt"/>
        <line num="57" count="18" type="stmt"/>
        <line num="67" count="18" type="stmt"/>
        <line num="74" count="3" type="stmt"/>
        <line num="75" count="32" type="stmt"/>
        <line num="76" count="32" type="cond" truecount="1" falsecount="1"/>
        <line num="77" count="0" type="stmt"/>
        <line num="79" count="32" type="stmt"/>
      </file>
    </package>
    <package name="data">
      <metrics statements="1" coveredstatements="1" conditionals="0" coveredconditionals="0" methods="0" coveredmethods="0"/>
      <file name="products.ts" path="/home/animeshsharma/Desktop/2Month training Projects/week 2/ecom2/src/data/products.ts">
        <metrics statements="1" coveredstatements="1" conditionals="0" coveredconditionals="0" methods="0" coveredmethods="0"/>
        <line num="3" count="2" type="stmt"/>
      </file>
    </package>
    <package name="hooks">
      <metrics statements="38" coveredstatements="35" conditionals="14" coveredconditionals="13" methods="11" coveredmethods="11"/>
      <file name="useLocalStorage.ts" path="/home/animeshsharma/Desktop/2Month training Projects/week 2/ecom2/src/hooks/useLocalStorage.ts">
        <metrics statements="15" coveredstatements="12" conditionals="4" coveredconditionals="3" methods="3" coveredmethods="3"/>
        <line num="1" count="3" type="stmt"/>
        <line num="3" count="3" type="stmt"/>
        <line num="4" count="18" type="stmt"/>
        <line num="5" count="9" type="stmt"/>
        <line num="6" count="9" type="stmt"/>
        <line num="7" count="9" type="cond" truecount="2" falsecount="0"/>
        <line num="9" count="0" type="stmt"/>
        <line num="10" count="0" type="stmt"/>
        <line num="14" count="18" type="stmt"/>
        <line num="15" count="9" type="stmt"/>
        <line num="16" count="9" type="cond" truecount="1" falsecount="1"/>
        <line num="17" count="9" type="stmt"/>
        <line num="18" count="9" type="stmt"/>
        <line num="20" count="0" type="stmt"/>
        <line num="24" count="18" type="stmt"/>
      </file>
      <file name="useProducts.ts" path="/home/animeshsharma/Desktop/2Month training Projects/week 2/ecom2/src/hooks/useProducts.ts">
        <metrics statements="23" coveredstatements="23" conditionals="10" coveredconditionals="10" methods="8" coveredmethods="8"/>
        <line num="1" count="1" type="stmt"/>
        <line num="3" count="1" type="stmt"/>
        <line num="5" count="1" type="stmt"/>
        <line num="7" count="1" type="stmt"/>
        <line num="8" count="12" type="stmt"/>
        <line num="14" count="12" type="stmt"/>
        <line num="16" count="12" type="stmt"/>
        <line num="17" count="10" type="stmt"/>
        <line num="18" count="120" type="cond" truecount="2" falsecount="0"/>
        <line num="19" count="120" type="cond" truecount="3" falsecount="0"/>
        <line num="22" count="120" type="cond" truecount="2" falsecount="0"/>
        <line num="24" count="120" type="cond" truecount="3" falsecount="0"/>
        <line num="28" count="12" type="stmt"/>
        <line num="29" count="12" type="stmt"/>
        <line num="30" count="12" type="stmt"/>
        <line num="31" count="12" type="stmt"/>
        <line num="34" count="12" type="stmt"/>
        <line num="36" count="12" type="stmt"/>
        <line num="37" count="4" type="stmt"/>
        <line num="38" count="4" type="stmt"/>
        <line num="41" count="12" type="stmt"/>
        <line num="42" count="72" type="stmt"/>
        <line num="45" count="12" type="stmt"/>
      </file>
    </package>
  </project>
</coverage>
