{"/home/animeshsharma/Desktop/2Month training Projects/week 2/ecom2/src/components/Cart.tsx": {"path":"/home/animeshsharma/Desktop/2Month training Projects/week 2/ecom2/src/components/Cart.tsx","statementMap":{"0":{"start":{"line":11,"column":0},"end":{"line":11,"column":16}},"1":{"start":{"line":1,"column":0},"end":{"line":1,"column":59}},"2":{"start":{"line":2,"column":0},"end":{"line":2,"column":50}},"3":{"start":{"line":3,"column":0},"end":{"line":3,"column":50}},"4":{"start":{"line":12,"column":70},"end":{"line":12,"column":79}},"5":{"start":{"line":13,"column":37},"end":{"line":13,"column":46}},"6":{"start":{"line":15,"column":2},"end":{"line":15,"column":27}},"7":{"start":{"line":15,"column":15},"end":{"line":15,"column":27}},"8":{"start":{"line":17,"column":25},"end":{"line":25,"column":3}},"9":{"start":{"line":18,"column":4},"end":{"line":24,"column":5}},"10":{"start":{"line":20,"column":6},"end":{"line":20,"column":14}},"11":{"start":{"line":21,"column":11},"end":{"line":24,"column":5}},"12":{"start":{"line":23,"column":6},"end":{"line":23,"column":19}},"13":{"start":{"line":27,"column":2},"end":{"line":157,"column":4}},"14":{"start":{"line":60,"column":18},"end":{"line":61,"column":null}},"15":{"start":{"line":82,"column":28},"end":{"line":82,"column":78}},"16":{"start":{"line":96,"column":28},"end":{"line":96,"column":78}},"17":{"start":{"line":111,"column":39},"end":{"line":111,"column":70}}},"fnMap":{"0":{"name":"Cart","decl":{"start":{"line":11,"column":16},"end":{"line":11,"column":20}},"loc":{"start":{"line":11,"column":63},"end":{"line":158,"column":1}}},"1":{"name":"(anonymous_1)","decl":{"start":{"line":17,"column":25},"end":{"line":17,"column":28}},"loc":{"start":{"line":17,"column":30},"end":{"line":25,"column":3}}},"2":{"name":"(anonymous_2)","decl":{"start":{"line":59,"column":27},"end":{"line":59,"column":28}},"loc":{"start":{"line":60,"column":18},"end":{"line":61,"column":null}}},"3":{"name":"(anonymous_3)","decl":{"start":{"line":81,"column":35},"end":{"line":81,"column":38}},"loc":{"start":{"line":82,"column":28},"end":{"line":82,"column":78}}},"4":{"name":"(anonymous_4)","decl":{"start":{"line":95,"column":35},"end":{"line":95,"column":38}},"loc":{"start":{"line":96,"column":28},"end":{"line":96,"column":78}}},"5":{"name":"(anonymous_5)","decl":{"start":{"line":111,"column":33},"end":{"line":111,"column":36}},"loc":{"start":{"line":111,"column":39},"end":{"line":111,"column":70}}}},"branchMap":{"0":{"loc":{"start":{"line":15,"column":2},"end":{"line":15,"column":27}},"type":"if","locations":[{"start":{"line":15,"column":2},"end":{"line":15,"column":27}},{"start":{},"end":{}}]},"1":{"loc":{"start":{"line":18,"column":4},"end":{"line":24,"column":5}},"type":"if","locations":[{"start":{"line":18,"column":4},"end":{"line":24,"column":5}},{"start":{"line":21,"column":11},"end":{"line":24,"column":5}}]},"2":{"loc":{"start":{"line":21,"column":11},"end":{"line":24,"column":5}},"type":"if","locations":[{"start":{"line":21,"column":11},"end":{"line":24,"column":5}},{"start":{},"end":{}}]},"3":{"loc":{"start":{"line":52,"column":13},"end":{"line":119,"column":null}},"type":"cond-expr","locations":[{"start":{"line":53,"column":14},"end":{"line":55,"column":null}},{"start":{"line":58,"column":14},"end":{"line":118,"column":null}}]},"4":{"loc":{"start":{"line":124,"column":11},"end":{"line":152,"column":null}},"type":"binary-expr","locations":[{"start":{"line":124,"column":11},"end":{"line":124,"column":27}},{"start":{"line":125,"column":12},"end":{"line":151,"column":null}}]},"5":{"loc":{"start":{"line":147,"column":19},"end":{"line":149,"column":41}},"type":"cond-expr","locations":[{"start":{"line":148,"column":22},"end":{"line":148,"column":43}},{"start":{"line":149,"column":22},"end":{"line":149,"column":41}}]}},"s":{"0":1,"1":1,"2":1,"3":1,"4":13,"5":13,"6":13,"7":0,"8":13,"9":0,"10":0,"11":0,"12":0,"13":13,"14":12,"15":1,"16":1,"17":1},"f":{"0":13,"1":0,"2":12,"3":1,"4":1,"5":1},"b":{"0":[0,13],"1":[0,0],"2":[0,0],"3":[4,9],"4":[13,9],"5":[7,2]}}
,"/home/animeshsharma/Desktop/2Month training Projects/week 2/ecom2/src/components/Header.tsx": {"path":"/home/animeshsharma/Desktop/2Month training Projects/week 2/ecom2/src/components/Header.tsx","statementMap":{"0":{"start":{"line":11,"column":0},"end":{"line":11,"column":16}},"1":{"start":{"line":1,"column":0},"end":{"line":1,"column":40}},"2":{"start":{"line":2,"column":0},"end":{"line":2,"column":67}},"3":{"start":{"line":3,"column":0},"end":{"line":3,"column":50}},"4":{"start":{"line":4,"column":0},"end":{"line":4,"column":50}},"5":{"start":{"line":12,"column":24},"end":{"line":12,"column":33}},"6":{"start":{"line":13,"column":62},"end":{"line":13,"column":71}},"7":{"start":{"line":14,"column":40},"end":{"line":14,"column":52}},"8":{"start":{"line":15,"column":38},"end":{"line":15,"column":53}},"9":{"start":{"line":17,"column":23},"end":{"line":20,"column":3}},"10":{"start":{"line":18,"column":4},"end":{"line":18,"column":23}},"11":{"start":{"line":19,"column":4},"end":{"line":19,"column":26}},"12":{"start":{"line":22,"column":23},"end":{"line":25,"column":3}},"13":{"start":{"line":23,"column":4},"end":{"line":23,"column":13}},"14":{"start":{"line":24,"column":4},"end":{"line":24,"column":25}},"15":{"start":{"line":27,"column":22},"end":{"line":30,"column":3}},"16":{"start":{"line":28,"column":4},"end":{"line":28,"column":12}},"17":{"start":{"line":29,"column":4},"end":{"line":29,"column":25}},"18":{"start":{"line":32,"column":2},"end":{"line":170,"column":4}},"19":{"start":{"line":49,"column":33},"end":{"line":49,"column":63}},"20":{"start":{"line":99,"column":29},"end":{"line":99,"column":55}},"21":{"start":{"line":123,"column":35},"end":{"line":123,"column":65}},"22":{"start":{"line":157,"column":18},"end":{"line":157,"column":32}},"23":{"start":{"line":158,"column":18},"end":{"line":158,"column":39}}},"fnMap":{"0":{"name":"Header","decl":{"start":{"line":11,"column":16},"end":{"line":11,"column":22}},"loc":{"start":{"line":11,"column":61},"end":{"line":171,"column":1}}},"1":{"name":"(anonymous_1)","decl":{"start":{"line":17,"column":23},"end":{"line":17,"column":24}},"loc":{"start":{"line":17,"column":46},"end":{"line":20,"column":3}}},"2":{"name":"(anonymous_2)","decl":{"start":{"line":22,"column":23},"end":{"line":22,"column":26}},"loc":{"start":{"line":22,"column":28},"end":{"line":25,"column":3}}},"3":{"name":"(anonymous_3)","decl":{"start":{"line":27,"column":22},"end":{"line":27,"column":25}},"loc":{"start":{"line":27,"column":27},"end":{"line":30,"column":3}}},"4":{"name":"(anonymous_4)","decl":{"start":{"line":49,"column":26},"end":{"line":49,"column":27}},"loc":{"start":{"line":49,"column":33},"end":{"line":49,"column":63}}},"5":{"name":"(anonymous_5)","decl":{"start":{"line":99,"column":23},"end":{"line":99,"column":26}},"loc":{"start":{"line":99,"column":29},"end":{"line":99,"column":55}}},"6":{"name":"(anonymous_6)","decl":{"start":{"line":123,"column":28},"end":{"line":123,"column":29}},"loc":{"start":{"line":123,"column":35},"end":{"line":123,"column":65}}},"7":{"name":"(anonymous_7)","decl":{"start":{"line":156,"column":25},"end":{"line":156,"column":28}},"loc":{"start":{"line":156,"column":30},"end":{"line":159,"column":17}}}},"branchMap":{"0":{"loc":{"start":{"line":57,"column":13},"end":{"line":78,"column":null}},"type":"cond-expr","locations":[{"start":{"line":58,"column":14},"end":{"line":58,"column":69}},{"start":{"line":59,"column":16},"end":{"line":78,"column":null}}]},"1":{"loc":{"start":{"line":59,"column":16},"end":{"line":78,"column":null}},"type":"cond-expr","locations":[{"start":{"line":60,"column":14},"end":{"line":69,"column":null}},{"start":{"line":72,"column":14},"end":{"line":77,"column":null}}]},"2":{"loc":{"start":{"line":59,"column":16},"end":{"line":59,"column":39}},"type":"binary-expr","locations":[{"start":{"line":59,"column":16},"end":{"line":59,"column":31}},{"start":{"line":59,"column":35},"end":{"line":59,"column":39}}]},"3":{"loc":{"start":{"line":88,"column":15},"end":{"line":91,"column":null}},"type":"binary-expr","locations":[{"start":{"line":88,"column":15},"end":{"line":88,"column":28}},{"start":{"line":89,"column":16},"end":{"line":90,"column":null}}]},"4":{"loc":{"start":{"line":103,"column":15},"end":{"line":106,"column":null}},"type":"cond-expr","locations":[{"start":{"line":104,"column":16},"end":{"line":104,"column":41}},{"start":{"line":106,"column":16},"end":{"line":106,"column":44}}]},"5":{"loc":{"start":{"line":113,"column":9},"end":{"line":166,"column":null}},"type":"binary-expr","locations":[{"start":{"line":113,"column":9},"end":{"line":113,"column":19}},{"start":{"line":114,"column":10},"end":{"line":165,"column":null}}]},"6":{"loc":{"start":{"line":131,"column":15},"end":{"line":152,"column":null}},"type":"cond-expr","locations":[{"start":{"line":132,"column":16},"end":{"line":132,"column":71}},{"start":{"line":133,"column":18},"end":{"line":152,"column":null}}]},"7":{"loc":{"start":{"line":133,"column":18},"end":{"line":152,"column":null}},"type":"cond-expr","locations":[{"start":{"line":134,"column":16},"end":{"line":143,"column":null}},{"start":{"line":146,"column":16},"end":{"line":151,"column":null}}]},"8":{"loc":{"start":{"line":133,"column":18},"end":{"line":133,"column":41}},"type":"binary-expr","locations":[{"start":{"line":133,"column":18},"end":{"line":133,"column":33}},{"start":{"line":133,"column":37},"end":{"line":133,"column":41}}]}},"s":{"0":1,"1":1,"2":1,"3":1,"4":1,"5":9,"6":9,"7":9,"8":9,"9":9,"10":1,"11":1,"12":9,"13":1,"14":1,"15":9,"16":0,"17":0,"18":9,"19":6,"20":0,"21":0,"22":0,"23":0},"f":{"0":9,"1":1,"2":1,"3":0,"4":6,"5":0,"6":0,"7":0},"b":{"0":[0,9],"1":[1,8],"2":[9,1],"3":[9,1],"4":[0,9],"5":[9,0],"6":[0,0],"7":[0,0],"8":[0,0]}}
,"/home/animeshsharma/Desktop/2Month training Projects/week 2/ecom2/src/components/Pagination.tsx": {"path":"/home/animeshsharma/Desktop/2Month training Projects/week 2/ecom2/src/components/Pagination.tsx","statementMap":{"0":{"start":{"line":9,"column":0},"end":{"line":9,"column":16}},"1":{"start":{"line":1,"column":0},"end":{"line":1,"column":57}},"2":{"start":{"line":14,"column":2},"end":{"line":14,"column":35}},"3":{"start":{"line":14,"column":23},"end":{"line":14,"column":35}},"4":{"start":{"line":16,"column":16},"end":{"line":16,"column":67}},"5":{"start":{"line":16,"column":61},"end":{"line":16,"column":66}},"6":{"start":{"line":18,"column":2},"end":{"line":54,"column":4}},"7":{"start":{"line":21,"column":23},"end":{"line":21,"column":52}},"8":{"start":{"line":30,"column":8},"end":{"line":31,"column":null}},"9":{"start":{"line":32,"column":25},"end":{"line":32,"column":43}},"10":{"start":{"line":46,"column":23},"end":{"line":46,"column":52}}},"fnMap":{"0":{"name":"Pagination","decl":{"start":{"line":9,"column":16},"end":{"line":9,"column":26}},"loc":{"start":{"line":13,"column":18},"end":{"line":55,"column":1}}},"1":{"name":"(anonymous_1)","decl":{"start":{"line":16,"column":51},"end":{"line":16,"column":52}},"loc":{"start":{"line":16,"column":61},"end":{"line":16,"column":66}}},"2":{"name":"(anonymous_2)","decl":{"start":{"line":21,"column":17},"end":{"line":21,"column":20}},"loc":{"start":{"line":21,"column":23},"end":{"line":21,"column":52}}},"3":{"name":"(anonymous_3)","decl":{"start":{"line":29,"column":17},"end":{"line":29,"column":18}},"loc":{"start":{"line":30,"column":8},"end":{"line":31,"column":null}}},"4":{"name":"(anonymous_4)","decl":{"start":{"line":32,"column":19},"end":{"line":32,"column":22}},"loc":{"start":{"line":32,"column":25},"end":{"line":32,"column":43}}},"5":{"name":"(anonymous_5)","decl":{"start":{"line":46,"column":17},"end":{"line":46,"column":20}},"loc":{"start":{"line":46,"column":23},"end":{"line":46,"column":52}}}},"branchMap":{"0":{"loc":{"start":{"line":14,"column":2},"end":{"line":14,"column":35}},"type":"if","locations":[{"start":{"line":14,"column":2},"end":{"line":14,"column":35}},{"start":{},"end":{}}]},"1":{"loc":{"start":{"line":34,"column":12},"end":{"line":36,"column":null}},"type":"cond-expr","locations":[{"start":{"line":35,"column":16},"end":{"line":35,"column":56}},{"start":{"line":36,"column":16},"end":{"line":36,"column":null}}]},"2":{"loc":{"start":{"line":39,"column":24},"end":{"line":39,"column":65}},"type":"cond-expr","locations":[{"start":{"line":39,"column":47},"end":{"line":39,"column":53}},{"start":{"line":39,"column":56},"end":{"line":39,"column":65}}]}},"s":{"0":1,"1":1,"2":6,"3":2,"4":4,"5":20,"6":4,"7":1,"8":20,"9":1,"10":1},"f":{"0":6,"1":20,"2":1,"3":20,"4":1,"5":1},"b":{"0":[2,4],"1":[4,16],"2":[4,16]}}
,"/home/animeshsharma/Desktop/2Month training Projects/week 2/ecom2/src/components/ProductCard.tsx": {"path":"/home/animeshsharma/Desktop/2Month training Projects/week 2/ecom2/src/components/ProductCard.tsx","statementMap":{"0":{"start":{"line":11,"column":0},"end":{"line":11,"column":16}},"1":{"start":{"line":1,"column":0},"end":{"line":1,"column":43}},"2":{"start":{"line":2,"column":0},"end":{"line":2,"column":49}},"3":{"start":{"line":4,"column":0},"end":{"line":4,"column":50}},"4":{"start":{"line":12,"column":24},"end":{"line":12,"column":33}},"5":{"start":{"line":14,"column":26},"end":{"line":16,"column":26}},"6":{"start":{"line":15,"column":4},"end":{"line":15,"column":23}},"7":{"start":{"line":18,"column":29},"end":{"line":22,"column":31}},"8":{"start":{"line":19,"column":4},"end":{"line":21,"column":5}},"9":{"start":{"line":20,"column":6},"end":{"line":20,"column":30}},"10":{"start":{"line":23,"column":2},"end":{"line":65,"column":4}},"11":{"start":{"line":48,"column":75},"end":{"line":48,"column":94}}},"fnMap":{"0":{"name":"ProductCard","decl":{"start":{"line":11,"column":16},"end":{"line":11,"column":27}},"loc":{"start":{"line":11,"column":73},"end":{"line":66,"column":1}}},"1":{"name":"(anonymous_1)","decl":{"start":{"line":14,"column":38},"end":{"line":14,"column":41}},"loc":{"start":{"line":14,"column":43},"end":{"line":16,"column":3}}},"2":{"name":"(anonymous_2)","decl":{"start":{"line":18,"column":41},"end":{"line":18,"column":44}},"loc":{"start":{"line":18,"column":46},"end":{"line":22,"column":3}}},"3":{"name":"(anonymous_3)","decl":{"start":{"line":48,"column":68},"end":{"line":48,"column":69}},"loc":{"start":{"line":48,"column":75},"end":{"line":48,"column":94}}}},"branchMap":{"0":{"loc":{"start":{"line":19,"column":4},"end":{"line":21,"column":5}},"type":"if","locations":[{"start":{"line":19,"column":4},"end":{"line":21,"column":5}},{"start":{},"end":{}}]}},"s":{"0":1,"1":1,"2":1,"3":1,"4":5,"5":5,"6":1,"7":5,"8":1,"9":1,"10":5,"11":1},"f":{"0":5,"1":1,"2":1,"3":1},"b":{"0":[1,0]}}
,"/home/animeshsharma/Desktop/2Month training Projects/week 2/ecom2/src/contexts/AuthContext.tsx": {"path":"/home/animeshsharma/Desktop/2Month training Projects/week 2/ecom2/src/contexts/AuthContext.tsx","statementMap":{"0":{"start":{"line":25,"column":0},"end":{"line":25,"column":16}},"1":{"start":{"line":62,"column":0},"end":{"line":62,"column":16}},"2":{"start":{"line":1,"column":0},"end":{"line":1,"column":66}},"3":{"start":{"line":2,"column":0},"end":{"line":2,"column":46}},"4":{"start":{"line":5,"column":30},"end":{"line":21,"column":1}},"5":{"start":{"line":6,"column":2},"end":{"line":6,"column":25}},"6":{"start":{"line":8,"column":2},"end":{"line":10,"column":3}},"7":{"start":{"line":9,"column":4},"end":{"line":9,"column":16}},"8":{"start":{"line":12,"column":4},"end":{"line":15,"column":19}},"9":{"start":{"line":16,"column":2},"end":{"line":20,"column":4}},"10":{"start":{"line":23,"column":20},"end":{"line":23,"column":73}},"11":{"start":{"line":32,"column":6},"end":{"line":32,"column":16}},"12":{"start":{"line":36,"column":16},"end":{"line":39,"column":3}},"13":{"start":{"line":37,"column":4},"end":{"line":37,"column":30}},"14":{"start":{"line":38,"column":4},"end":{"line":38,"column":16}},"15":{"start":{"line":42,"column":17},"end":{"line":44,"column":3}},"16":{"start":{"line":43,"column":4},"end":{"line":43,"column":72}},"17":{"start":{"line":46,"column":15},"end":{"line":46,"column":75}},"18":{"start":{"line":46,"column":29},"end":{"line":46,"column":61}},"19":{"start":{"line":48,"column":33},"end":{"line":57,"column":4}},"20":{"start":{"line":59,"column":2},"end":{"line":59,"column":79}},"21":{"start":{"line":63,"column":18},"end":{"line":63,"column":41}},"22":{"start":{"line":64,"column":2},"end":{"line":66,"column":3}},"23":{"start":{"line":65,"column":4},"end":{"line":65,"column":67}},"24":{"start":{"line":67,"column":2},"end":{"line":67,"column":17}}},"fnMap":{"0":{"name":"(anonymous_0)","decl":{"start":{"line":5,"column":30},"end":{"line":5,"column":31}},"loc":{"start":{"line":5,"column":62},"end":{"line":21,"column":1}}},"1":{"name":"AuthProvider","decl":{"start":{"line":25,"column":16},"end":{"line":25,"column":28}},"loc":{"start":{"line":25,"column":72},"end":{"line":60,"column":1}}},"2":{"name":"(anonymous_2)","decl":{"start":{"line":36,"column":16},"end":{"line":36,"column":21}},"loc":{"start":{"line":36,"column":45},"end":{"line":39,"column":3}}},"3":{"name":"(anonymous_3)","decl":{"start":{"line":42,"column":17},"end":{"line":42,"column":20}},"loc":{"start":{"line":42,"column":22},"end":{"line":44,"column":3}}},"4":{"name":"(anonymous_4)","decl":{"start":{"line":46,"column":23},"end":{"line":46,"column":26}},"loc":{"start":{"line":46,"column":29},"end":{"line":46,"column":61}}},"5":{"name":"useAuth","decl":{"start":{"line":62,"column":16},"end":{"line":62,"column":23}},"loc":{"start":{"line":62,"column":23},"end":{"line":68,"column":1}}}},"branchMap":{"0":{"loc":{"start":{"line":8,"column":2},"end":{"line":10,"column":3}},"type":"if","locations":[{"start":{"line":8,"column":2},"end":{"line":10,"column":3}},{"start":{},"end":{}}]},"1":{"loc":{"start":{"line":12,"column":4},"end":{"line":15,"column":19}},"type":"binary-expr","locations":[{"start":{"line":12,"column":4},"end":{"line":12,"column":24}},{"start":{"line":13,"column":4},"end":{"line":13,"column":33}},{"start":{"line":14,"column":4},"end":{"line":14,"column":22}},{"start":{"line":15,"column":4},"end":{"line":15,"column":19}}]},"2":{"loc":{"start":{"line":64,"column":2},"end":{"line":66,"column":3}},"type":"if","locations":[{"start":{"line":64,"column":2},"end":{"line":66,"column":3}},{"start":{},"end":{}}]}},"s":{"0":2,"1":2,"2":2,"3":2,"4":2,"5":0,"6":0,"7":0,"8":0,"9":0,"10":2,"11":0,"12":0,"13":0,"14":0,"15":0,"16":0,"17":0,"18":0,"19":0,"20":0,"21":0,"22":0,"23":0,"24":0},"f":{"0":0,"1":0,"2":0,"3":0,"4":0,"5":0},"b":{"0":[0,0],"1":[0,0,0,0],"2":[0,0]}}
,"/home/animeshsharma/Desktop/2Month training Projects/week 2/ecom2/src/contexts/CartContext.tsx": {"path":"/home/animeshsharma/Desktop/2Month training Projects/week 2/ecom2/src/contexts/CartContext.tsx","statementMap":{"0":{"start":{"line":7,"column":0},"end":{"line":7,"column":16}},"1":{"start":{"line":74,"column":0},"end":{"line":74,"column":16}},"2":{"start":{"line":1,"column":0},"end":{"line":1,"column":79}},"3":{"start":{"line":3,"column":0},"end":{"line":3,"column":59}},"4":{"start":{"line":5,"column":20},"end":{"line":5,"column":73}},"5":{"start":{"line":8,"column":28},"end":{"line":8,"column":67}},"6":{"start":{"line":10,"column":20},"end":{"line":24,"column":16}},"7":{"start":{"line":11,"column":4},"end":{"line":23,"column":7}},"8":{"start":{"line":12,"column":27},"end":{"line":12,"column":84}},"9":{"start":{"line":12,"column":53},"end":{"line":12,"column":83}},"10":{"start":{"line":14,"column":6},"end":{"line":20,"column":7}},"11":{"start":{"line":15,"column":8},"end":{"line":19,"column":10}},"12":{"start":{"line":16,"column":10},"end":{"line":18,"column":18}},"13":{"start":{"line":22,"column":6},"end":{"line":22,"column":57}},"14":{"start":{"line":26,"column":25},"end":{"line":28,"column":16}},"15":{"start":{"line":27,"column":4},"end":{"line":27,"column":89}},"16":{"start":{"line":27,"column":29},"end":{"line":27,"column":87}},"17":{"start":{"line":27,"column":57},"end":{"line":27,"column":86}},"18":{"start":{"line":30,"column":25},"end":{"line":43,"column":32}},"19":{"start":{"line":31,"column":4},"end":{"line":34,"column":5}},"20":{"start":{"line":32,"column":6},"end":{"line":32,"column":32}},"21":{"start":{"line":33,"column":6},"end":{"line":33,"column":13}},"22":{"start":{"line":36,"column":4},"end":{"line":42,"column":6}},"23":{"start":{"line":37,"column":6},"end":{"line":40,"column":null}},"24":{"start":{"line":38,"column":8},"end":{"line":40,"column":16}},"25":{"start":{"line":45,"column":20},"end":{"line":47,"column":16}},"26":{"start":{"line":46,"column":4},"end":{"line":46,"column":17}},"27":{"start":{"line":49,"column":16},"end":{"line":51,"column":13}},"28":{"start":{"line":50,"column":4},"end":{"line":50,"column":86}},"29":{"start":{"line":50,"column":39},"end":{"line":50,"column":81}},"30":{"start":{"line":53,"column":20},"end":{"line":55,"column":13}},"31":{"start":{"line":54,"column":4},"end":{"line":54,"column":63}},"32":{"start":{"line":54,"column":39},"end":{"line":54,"column":58}},"33":{"start":{"line":57,"column":33},"end":{"line":65,"column":4}},"34":{"start":{"line":67,"column":2},"end":{"line":71,"column":4}},"35":{"start":{"line":75,"column":18},"end":{"line":75,"column":41}},"36":{"start":{"line":76,"column":2},"end":{"line":78,"column":3}},"37":{"start":{"line":77,"column":4},"end":{"line":77,"column":66}},"38":{"start":{"line":79,"column":2},"end":{"line":79,"column":17}}},"fnMap":{"0":{"name":"CartProvider","decl":{"start":{"line":7,"column":16},"end":{"line":7,"column":28}},"loc":{"start":{"line":7,"column":72},"end":{"line":72,"column":1}}},"1":{"name":"(anonymous_1)","decl":{"start":{"line":10,"column":32},"end":{"line":10,"column":33}},"loc":{"start":{"line":10,"column":53},"end":{"line":24,"column":3}}},"2":{"name":"(anonymous_2)","decl":{"start":{"line":11,"column":13},"end":{"line":11,"column":25}},"loc":{"start":{"line":11,"column":28},"end":{"line":23,"column":5}}},"3":{"name":"(anonymous_3)","decl":{"start":{"line":12,"column":45},"end":{"line":12,"column":49}},"loc":{"start":{"line":12,"column":53},"end":{"line":12,"column":83}}},"4":{"name":"(anonymous_4)","decl":{"start":{"line":15,"column":32},"end":{"line":15,"column":36}},"loc":{"start":{"line":16,"column":10},"end":{"line":18,"column":18}}},"5":{"name":"(anonymous_5)","decl":{"start":{"line":26,"column":37},"end":{"line":26,"column":38}},"loc":{"start":{"line":26,"column":59},"end":{"line":28,"column":3}}},"6":{"name":"(anonymous_6)","decl":{"start":{"line":27,"column":13},"end":{"line":27,"column":25}},"loc":{"start":{"line":27,"column":29},"end":{"line":27,"column":87}}},"7":{"name":"(anonymous_7)","decl":{"start":{"line":27,"column":49},"end":{"line":27,"column":53}},"loc":{"start":{"line":27,"column":57},"end":{"line":27,"column":86}}},"8":{"name":"(anonymous_8)","decl":{"start":{"line":30,"column":37},"end":{"line":30,"column":38}},"loc":{"start":{"line":30,"column":77},"end":{"line":43,"column":3}}},"9":{"name":"(anonymous_9)","decl":{"start":{"line":36,"column":13},"end":{"line":36,"column":25}},"loc":{"start":{"line":37,"column":6},"end":{"line":40,"column":null}}},"10":{"name":"(anonymous_10)","decl":{"start":{"line":37,"column":23},"end":{"line":37,"column":27}},"loc":{"start":{"line":38,"column":8},"end":{"line":40,"column":16}}},"11":{"name":"(anonymous_11)","decl":{"start":{"line":45,"column":32},"end":{"line":45,"column":35}},"loc":{"start":{"line":45,"column":37},"end":{"line":47,"column":3}}},"12":{"name":"(anonymous_12)","decl":{"start":{"line":49,"column":24},"end":{"line":49,"column":27}},"loc":{"start":{"line":49,"column":29},"end":{"line":51,"column":3}}},"13":{"name":"(anonymous_13)","decl":{"start":{"line":50,"column":24},"end":{"line":50,"column":25}},"loc":{"start":{"line":50,"column":39},"end":{"line":50,"column":81}}},"14":{"name":"(anonymous_14)","decl":{"start":{"line":53,"column":28},"end":{"line":53,"column":31}},"loc":{"start":{"line":53,"column":33},"end":{"line":55,"column":3}}},"15":{"name":"(anonymous_15)","decl":{"start":{"line":54,"column":24},"end":{"line":54,"column":25}},"loc":{"start":{"line":54,"column":39},"end":{"line":54,"column":58}}},"16":{"name":"useCart","decl":{"start":{"line":74,"column":16},"end":{"line":74,"column":23}},"loc":{"start":{"line":74,"column":23},"end":{"line":80,"column":1}}}},"branchMap":{"0":{"loc":{"start":{"line":14,"column":6},"end":{"line":20,"column":7}},"type":"if","locations":[{"start":{"line":14,"column":6},"end":{"line":20,"column":7}},{"start":{},"end":{}}]},"1":{"loc":{"start":{"line":16,"column":10},"end":{"line":18,"column":18}},"type":"cond-expr","locations":[{"start":{"line":17,"column":14},"end":{"line":17,"column":54}},{"start":{"line":18,"column":14},"end":{"line":18,"column":18}}]},"2":{"loc":{"start":{"line":31,"column":4},"end":{"line":34,"column":5}},"type":"if","locations":[{"start":{"line":31,"column":4},"end":{"line":34,"column":5}},{"start":{},"end":{}}]},"3":{"loc":{"start":{"line":38,"column":8},"end":{"line":40,"column":16}},"type":"cond-expr","locations":[{"start":{"line":39,"column":12},"end":{"line":39,"column":33}},{"start":{"line":40,"column":12},"end":{"line":40,"column":16}}]},"4":{"loc":{"start":{"line":76,"column":2},"end":{"line":78,"column":3}},"type":"if","locations":[{"start":{"line":76,"column":2},"end":{"line":78,"column":3}},{"start":{},"end":{}}]}},"s":{"0":3,"1":3,"2":3,"3":3,"4":3,"5":18,"6":18,"7":6,"8":6,"9":3,"10":6,"11":2,"12":3,"13":4,"14":18,"15":1,"16":1,"17":1,"18":18,"19":2,"20":0,"21":0,"22":2,"23":2,"24":2,"25":18,"26":0,"27":18,"28":18,"29":15,"30":18,"31":18,"32":15,"33":18,"34":18,"35":32,"36":32,"37":0,"38":32},"f":{"0":18,"1":6,"2":6,"3":3,"4":3,"5":1,"6":1,"7":1,"8":2,"9":2,"10":2,"11":0,"12":18,"13":15,"14":18,"15":15,"16":32},"b":{"0":[2,4],"1":[2,1],"2":[0,2],"3":[2,0],"4":[0,32]}}
,"/home/animeshsharma/Desktop/2Month training Projects/week 2/ecom2/src/data/products.ts": {"path":"/home/animeshsharma/Desktop/2Month training Projects/week 2/ecom2/src/data/products.ts","statementMap":{"0":{"start":{"line":3,"column":13},"end":{"line":112,"column":2}}},"fnMap":{},"branchMap":{},"s":{"0":2},"f":{},"b":{}}
,"/home/animeshsharma/Desktop/2Month training Projects/week 2/ecom2/src/hooks/useLocalStorage.ts": {"path":"/home/animeshsharma/Desktop/2Month training Projects/week 2/ecom2/src/hooks/useLocalStorage.ts","statementMap":{"0":{"start":{"line":3,"column":0},"end":{"line":3,"column":16}},"1":{"start":{"line":1,"column":0},"end":{"line":1,"column":44}},"2":{"start":{"line":4,"column":40},"end":{"line":12,"column":4}},"3":{"start":{"line":5,"column":4},"end":{"line":11,"column":5}},"4":{"start":{"line":6,"column":19},"end":{"line":6,"column":51}},"5":{"start":{"line":7,"column":6},"end":{"line":7,"column":52}},"6":{"start":{"line":9,"column":6},"end":{"line":9,"column":71}},"7":{"start":{"line":10,"column":6},"end":{"line":10,"column":26}},"8":{"start":{"line":14,"column":19},"end":{"line":22,"column":3}},"9":{"start":{"line":15,"column":4},"end":{"line":21,"column":5}},"10":{"start":{"line":16,"column":27},"end":{"line":16,"column":81}},"11":{"start":{"line":17,"column":6},"end":{"line":17,"column":35}},"12":{"start":{"line":18,"column":6},"end":{"line":18,"column":69}},"13":{"start":{"line":20,"column":6},"end":{"line":20,"column":71}},"14":{"start":{"line":24,"column":2},"end":{"line":24,"column":42}}},"fnMap":{"0":{"name":"useLocalStorage","decl":{"start":{"line":3,"column":16},"end":{"line":3,"column":31}},"loc":{"start":{"line":3,"column":63},"end":{"line":25,"column":1}}},"1":{"name":"(anonymous_1)","decl":{"start":{"line":4,"column":52},"end":{"line":4,"column":55}},"loc":{"start":{"line":4,"column":57},"end":{"line":12,"column":3}}},"2":{"name":"(anonymous_2)","decl":{"start":{"line":14,"column":19},"end":{"line":14,"column":20}},"loc":{"start":{"line":14,"column":50},"end":{"line":22,"column":3}}}},"branchMap":{"0":{"loc":{"start":{"line":7,"column":13},"end":{"line":7,"column":51}},"type":"cond-expr","locations":[{"start":{"line":7,"column":20},"end":{"line":7,"column":36}},{"start":{"line":7,"column":39},"end":{"line":7,"column":51}}]},"1":{"loc":{"start":{"line":16,"column":27},"end":{"line":16,"column":81}},"type":"cond-expr","locations":[{"start":{"line":16,"column":55},"end":{"line":16,"column":73}},{"start":{"line":16,"column":76},"end":{"line":16,"column":81}}]}},"s":{"0":3,"1":3,"2":18,"3":9,"4":9,"5":9,"6":0,"7":0,"8":18,"9":9,"10":9,"11":9,"12":9,"13":0,"14":18},"f":{"0":18,"1":9,"2":9},"b":{"0":[5,4],"1":[9,0]}}
,"/home/animeshsharma/Desktop/2Month training Projects/week 2/ecom2/src/hooks/useProducts.ts": {"path":"/home/animeshsharma/Desktop/2Month training Projects/week 2/ecom2/src/hooks/useProducts.ts","statementMap":{"0":{"start":{"line":7,"column":0},"end":{"line":7,"column":16}},"1":{"start":{"line":1,"column":0},"end":{"line":1,"column":55}},"2":{"start":{"line":3,"column":0},"end":{"line":3,"column":44}},"3":{"start":{"line":5,"column":23},"end":{"line":5,"column":24}},"4":{"start":{"line":8,"column":32},"end":{"line":13,"column":4}},"5":{"start":{"line":14,"column":40},"end":{"line":14,"column":51}},"6":{"start":{"line":16,"column":27},"end":{"line":26,"column":15}},"7":{"start":{"line":17,"column":4},"end":{"line":25,"column":7}},"8":{"start":{"line":18,"column":30},"end":{"line":18,"column":88}},"9":{"start":{"line":19,"column":28},"end":{"line":21,"column":80}},"10":{"start":{"line":22,"column":27},"end":{"line":22,"column":97}},"11":{"start":{"line":24,"column":6},"end":{"line":24,"column":62}},"12":{"start":{"line":28,"column":28},"end":{"line":32,"column":37}},"13":{"start":{"line":29,"column":23},"end":{"line":29,"column":57}},"14":{"start":{"line":30,"column":21},"end":{"line":30,"column":48}},"15":{"start":{"line":31,"column":4},"end":{"line":31,"column":56}},"16":{"start":{"line":34,"column":21},"end":{"line":34,"column":72}},"17":{"start":{"line":36,"column":24},"end":{"line":39,"column":8}},"18":{"start":{"line":37,"column":4},"end":{"line":37,"column":53}},"19":{"start":{"line":37,"column":24},"end":{"line":37,"column":50}},"20":{"start":{"line":38,"column":4},"end":{"line":38,"column":22}},"21":{"start":{"line":41,"column":21},"end":{"line":43,"column":8}},"22":{"start":{"line":42,"column":4},"end":{"line":42,"column":74}},"23":{"start":{"line":42,"column":54},"end":{"line":42,"column":70}},"24":{"start":{"line":45,"column":2},"end":{"line":54,"column":4}}},"fnMap":{"0":{"name":"useProducts","decl":{"start":{"line":7,"column":16},"end":{"line":7,"column":27}},"loc":{"start":{"line":7,"column":27},"end":{"line":55,"column":1}}},"1":{"name":"(anonymous_1)","decl":{"start":{"line":16,"column":35},"end":{"line":16,"column":38}},"loc":{"start":{"line":16,"column":40},"end":{"line":26,"column":3}}},"2":{"name":"(anonymous_2)","decl":{"start":{"line":17,"column":27},"end":{"line":17,"column":34}},"loc":{"start":{"line":17,"column":37},"end":{"line":25,"column":5}}},"3":{"name":"(anonymous_3)","decl":{"start":{"line":28,"column":36},"end":{"line":28,"column":39}},"loc":{"start":{"line":28,"column":41},"end":{"line":32,"column":3}}},"4":{"name":"(anonymous_4)","decl":{"start":{"line":36,"column":36},"end":{"line":36,"column":37}},"loc":{"start":{"line":36,"column":76},"end":{"line":39,"column":3}}},"5":{"name":"(anonymous_5)","decl":{"start":{"line":37,"column":15},"end":{"line":37,"column":19}},"loc":{"start":{"line":37,"column":24},"end":{"line":37,"column":50}}},"6":{"name":"(anonymous_6)","decl":{"start":{"line":41,"column":29},"end":{"line":41,"column":32}},"loc":{"start":{"line":41,"column":34},"end":{"line":43,"column":3}}},"7":{"name":"(anonymous_7)","decl":{"start":{"line":42,"column":43},"end":{"line":42,"column":50}},"loc":{"start":{"line":42,"column":54},"end":{"line":42,"column":70}}}},"branchMap":{"0":{"loc":{"start":{"line":18,"column":30},"end":{"line":18,"column":88}},"type":"binary-expr","locations":[{"start":{"line":18,"column":30},"end":{"line":18,"column":47}},{"start":{"line":18,"column":51},"end":{"line":18,"column":88}}]},"1":{"loc":{"start":{"line":19,"column":28},"end":{"line":21,"column":80}},"type":"binary-expr","locations":[{"start":{"line":19,"column":28},"end":{"line":19,"column":43}},{"start":{"line":20,"column":8},"end":{"line":20,"column":73}},{"start":{"line":21,"column":8},"end":{"line":21,"column":80}}]},"2":{"loc":{"start":{"line":22,"column":27},"end":{"line":22,"column":97}},"type":"binary-expr","locations":[{"start":{"line":22,"column":27},"end":{"line":22,"column":60}},{"start":{"line":22,"column":64},"end":{"line":22,"column":97}}]},"3":{"loc":{"start":{"line":24,"column":13},"end":{"line":24,"column":61}},"type":"binary-expr","locations":[{"start":{"line":24,"column":13},"end":{"line":24,"column":28}},{"start":{"line":24,"column":32},"end":{"line":24,"column":45}},{"start":{"line":24,"column":49},"end":{"line":24,"column":61}}]}},"s":{"0":1,"1":1,"2":1,"3":1,"4":12,"5":12,"6":12,"7":10,"8":120,"9":120,"10":120,"11":120,"12":12,"13":12,"14":12,"15":12,"16":12,"17":12,"18":4,"19":4,"20":4,"21":12,"22":6,"23":72,"24":12},"f":{"0":12,"1":10,"2":120,"3":12,"4":4,"5":4,"6":6,"7":72},"b":{"0":[120,24],"1":[120,12,11],"2":[120,114],"3":[120,102,91]}}
}
