TN:
SF:src/components/Cart.tsx
FN:11,Cart
FN:17,(anonymous_1)
FN:59,(anonymous_2)
FN:81,(anonymous_3)
FN:95,(anonymous_4)
FN:111,(anonymous_5)
FNF:6
FNH:5
FNDA:13,Cart
FNDA:0,(anonymous_1)
FNDA:12,(anonymous_2)
FNDA:1,(anonymous_3)
FNDA:1,(anonymous_4)
FNDA:1,(anonymous_5)
DA:1,1
DA:2,1
DA:3,1
DA:11,1
DA:12,13
DA:13,13
DA:15,13
DA:17,13
DA:18,0
DA:20,0
DA:21,0
DA:23,0
DA:27,13
DA:60,12
DA:82,1
DA:96,1
DA:111,1
LF:17
LH:13
BRDA:15,0,0,0
BRDA:15,0,1,13
BRDA:18,1,0,0
BRDA:18,1,1,0
BRDA:21,2,0,0
BRDA:21,2,1,0
BRDA:52,3,0,4
BRDA:52,3,1,9
BRDA:124,4,0,13
BRDA:124,4,1,9
BRDA:147,5,0,7
BRDA:147,5,1,2
BRF:12
BRH:7
end_of_record
TN:
SF:src/components/Header.tsx
FN:11,Header
FN:17,(anonymous_1)
FN:22,(anonymous_2)
FN:27,(anonymous_3)
FN:49,(anonymous_4)
FN:99,(anonymous_5)
FN:123,(anonymous_6)
FN:156,(anonymous_7)
FNF:8
FNH:4
FNDA:9,Header
FNDA:1,(anonymous_1)
FNDA:1,(anonymous_2)
FNDA:0,(anonymous_3)
FNDA:6,(anonymous_4)
FNDA:0,(anonymous_5)
FNDA:0,(anonymous_6)
FNDA:0,(anonymous_7)
DA:1,1
DA:2,1
DA:3,1
DA:4,1
DA:11,1
DA:12,9
DA:13,9
DA:14,9
DA:15,9
DA:17,9
DA:18,1
DA:19,1
DA:22,9
DA:23,1
DA:24,1
DA:27,9
DA:28,0
DA:29,0
DA:32,9
DA:49,6
DA:99,0
DA:123,0
DA:157,0
DA:158,0
LF:24
LH:18
BRDA:57,0,0,0
BRDA:57,0,1,9
BRDA:59,1,0,1
BRDA:59,1,1,8
BRDA:59,2,0,9
BRDA:59,2,1,1
BRDA:88,3,0,9
BRDA:88,3,1,1
BRDA:103,4,0,0
BRDA:103,4,1,9
BRDA:113,5,0,9
BRDA:113,5,1,0
BRDA:131,6,0,0
BRDA:131,6,1,0
BRDA:133,7,0,0
BRDA:133,7,1,0
BRDA:133,8,0,0
BRDA:133,8,1,0
BRF:18
BRH:9
end_of_record
TN:
SF:src/components/Pagination.tsx
FN:9,Pagination
FN:16,(anonymous_1)
FN:21,(anonymous_2)
FN:29,(anonymous_3)
FN:32,(anonymous_4)
FN:46,(anonymous_5)
FNF:6
FNH:6
FNDA:6,Pagination
FNDA:20,(anonymous_1)
FNDA:1,(anonymous_2)
FNDA:20,(anonymous_3)
FNDA:1,(anonymous_4)
FNDA:1,(anonymous_5)
DA:1,1
DA:9,1
DA:14,6
DA:16,20
DA:18,4
DA:21,1
DA:30,20
DA:32,1
DA:46,1
LF:9
LH:9
BRDA:14,0,0,2
BRDA:14,0,1,4
BRDA:34,1,0,4
BRDA:34,1,1,16
BRDA:39,2,0,4
BRDA:39,2,1,16
BRF:6
BRH:6
end_of_record
TN:
SF:src/components/ProductCard.tsx
FN:11,ProductCard
FN:14,(anonymous_1)
FN:18,(anonymous_2)
FN:48,(anonymous_3)
FNF:4
FNH:4
FNDA:5,ProductCard
FNDA:1,(anonymous_1)
FNDA:1,(anonymous_2)
FNDA:1,(anonymous_3)
DA:1,1
DA:2,1
DA:4,1
DA:11,1
DA:12,5
DA:14,5
DA:15,1
DA:18,5
DA:19,1
DA:20,1
DA:23,5
DA:48,1
LF:12
LH:12
BRDA:19,0,0,1
BRDA:19,0,1,0
BRF:2
BRH:1
end_of_record
TN:
SF:src/contexts/AuthContext.tsx
FN:5,(anonymous_0)
FN:25,AuthProvider
FN:36,(anonymous_2)
FN:42,(anonymous_3)
FN:46,(anonymous_4)
FN:62,useAuth
FNF:6
FNH:0
FNDA:0,(anonymous_0)
FNDA:0,AuthProvider
FNDA:0,(anonymous_2)
FNDA:0,(anonymous_3)
FNDA:0,(anonymous_4)
FNDA:0,useAuth
DA:1,2
DA:2,2
DA:5,2
DA:6,0
DA:8,0
DA:9,0
DA:12,0
DA:16,0
DA:23,2
DA:25,2
DA:32,0
DA:36,0
DA:37,0
DA:38,0
DA:42,0
DA:43,0
DA:46,0
DA:48,0
DA:59,0
DA:62,2
DA:63,0
DA:64,0
DA:65,0
DA:67,0
LF:24
LH:6
BRDA:8,0,0,0
BRDA:8,0,1,0
BRDA:12,1,0,0
BRDA:12,1,1,0
BRDA:12,1,2,0
BRDA:12,1,3,0
BRDA:64,2,0,0
BRDA:64,2,1,0
BRF:8
BRH:0
end_of_record
TN:
SF:src/contexts/CartContext.tsx
FN:7,CartProvider
FN:10,(anonymous_1)
FN:11,(anonymous_2)
FN:12,(anonymous_3)
FN:15,(anonymous_4)
FN:26,(anonymous_5)
FN:27,(anonymous_6)
FN:27,(anonymous_7)
FN:30,(anonymous_8)
FN:36,(anonymous_9)
FN:37,(anonymous_10)
FN:45,(anonymous_11)
FN:49,(anonymous_12)
FN:50,(anonymous_13)
FN:53,(anonymous_14)
FN:54,(anonymous_15)
FN:74,useCart
FNF:17
FNH:16
FNDA:18,CartProvider
FNDA:6,(anonymous_1)
FNDA:6,(anonymous_2)
FNDA:3,(anonymous_3)
FNDA:3,(anonymous_4)
FNDA:1,(anonymous_5)
FNDA:1,(anonymous_6)
FNDA:1,(anonymous_7)
FNDA:2,(anonymous_8)
FNDA:2,(anonymous_9)
FNDA:2,(anonymous_10)
FNDA:0,(anonymous_11)
FNDA:18,(anonymous_12)
FNDA:15,(anonymous_13)
FNDA:18,(anonymous_14)
FNDA:15,(anonymous_15)
FNDA:32,useCart
DA:1,3
DA:3,3
DA:5,3
DA:7,3
DA:8,18
DA:10,18
DA:11,6
DA:12,6
DA:14,6
DA:15,2
DA:16,3
DA:22,4
DA:26,18
DA:27,1
DA:30,18
DA:31,2
DA:32,0
DA:33,0
DA:36,2
DA:37,2
DA:38,2
DA:45,18
DA:46,0
DA:49,18
DA:50,18
DA:53,18
DA:54,18
DA:57,18
DA:67,18
DA:74,3
DA:75,32
DA:76,32
DA:77,0
DA:79,32
LF:34
LH:30
BRDA:14,0,0,2
BRDA:14,0,1,4
BRDA:16,1,0,2
BRDA:16,1,1,1
BRDA:31,2,0,0
BRDA:31,2,1,2
BRDA:38,3,0,2
BRDA:38,3,1,0
BRDA:76,4,0,0
BRDA:76,4,1,32
BRF:10
BRH:7
end_of_record
TN:
SF:src/data/products.ts
FNF:0
FNH:0
DA:3,2
LF:1
LH:1
BRF:0
BRH:0
end_of_record
TN:
SF:src/hooks/useLocalStorage.ts
FN:3,useLocalStorage
FN:4,(anonymous_1)
FN:14,(anonymous_2)
FNF:3
FNH:3
FNDA:18,useLocalStorage
FNDA:9,(anonymous_1)
FNDA:9,(anonymous_2)
DA:1,3
DA:3,3
DA:4,18
DA:5,9
DA:6,9
DA:7,9
DA:9,0
DA:10,0
DA:14,18
DA:15,9
DA:16,9
DA:17,9
DA:18,9
DA:20,0
DA:24,18
LF:15
LH:12
BRDA:7,0,0,5
BRDA:7,0,1,4
BRDA:16,1,0,9
BRDA:16,1,1,0
BRF:4
BRH:3
end_of_record
TN:
SF:src/hooks/useProducts.ts
FN:7,useProducts
FN:16,(anonymous_1)
FN:17,(anonymous_2)
FN:28,(anonymous_3)
FN:36,(anonymous_4)
FN:37,(anonymous_5)
FN:41,(anonymous_6)
FN:42,(anonymous_7)
FNF:8
FNH:8
FNDA:12,useProducts
FNDA:10,(anonymous_1)
FNDA:120,(anonymous_2)
FNDA:12,(anonymous_3)
FNDA:4,(anonymous_4)
FNDA:4,(anonymous_5)
FNDA:6,(anonymous_6)
FNDA:72,(anonymous_7)
DA:1,1
DA:3,1
DA:5,1
DA:7,1
DA:8,12
DA:14,12
DA:16,12
DA:17,10
DA:18,120
DA:19,120
DA:22,120
DA:24,120
DA:28,12
DA:29,12
DA:30,12
DA:31,12
DA:34,12
DA:36,12
DA:37,4
DA:38,4
DA:41,12
DA:42,72
DA:45,12
LF:23
LH:23
BRDA:18,0,0,120
BRDA:18,0,1,24
BRDA:19,1,0,120
BRDA:19,1,1,12
BRDA:19,1,2,11
BRDA:22,2,0,120
BRDA:22,2,1,114
BRDA:24,3,0,120
BRDA:24,3,1,102
BRDA:24,3,2,91
BRF:10
BRH:10
end_of_record
